0 info it worked if it ends with ok
1 verbose cli [ 'C:\\Program Files\\nodejs\\node.exe',
1 verbose cli   'C:\\Program Files\\nodejs\\node_modules\\npm\\bin\\npm-cli.js',
1 verbose cli   'run',
1 verbose cli   'compile' ]
2 info using npm@3.8.6
3 info using node@v6.0.0
4 verbose run-script [ 'precompile', 'compile', 'postcompile' ]
5 info lifecycle router@1.0.0~precompile: router@1.0.0
6 silly lifecycle router@1.0.0~precompile: no script for precompile, continuing
7 info lifecycle router@1.0.0~compile: router@1.0.0
8 verbose lifecycle router@1.0.0~compile: unsafe-perm in lifecycle true
9 verbose lifecycle router@1.0.0~compile: PATH: C:\Program Files\nodejs\node_modules\npm\bin\node-gyp-bin;D:\project\react\node_modules\.bin;C:\Program Files\nodejs;C:\Program Files\Git\cmd;C:\Program Files\nodejs;C:\ProgramData\Oracle\Java\javapath;C:\Program Files\Java\jdk1.8.0_73\bin;E:\bin;C:\Program Files\Git\cmd;C:\Program Files\nodejs\;C:\Program Files\Microsoft SQL Server\110\Tools\Binn\;C:\Program Files (x86)\Microsoft SDKs\TypeScript\1.0\;C:\Program Files\Microsoft SQL Server\120\Tools\Binn\;E:\phpProject\php;C:\Program Files (x86)\SSH Communications Security\SSH Secure Shell;C:\Users\Administrator\AppData\Roaming\npm;D:\httpd-2.4.23-x64-vc11\mysql server 5.6\bin;D:\httpd-2.4.23-x64-vc11\php-7.0;C:\Program Files (x86)\SSH Communications Security\SSH Secure Shell;c:\windows\system32;E:\php\pHp;E:\php\pHp\ext;E:\phpProject\mysql\bin;E:\phpProject\php;
10 verbose lifecycle router@1.0.0~compile: CWD: D:\project\react
11 silly lifecycle router@1.0.0~compile: Args: [ '/d /s /c', 'babel es6 --out-dir js --presets es2015' ]
12 silly lifecycle router@1.0.0~compile: Returned: code: 2  signal: null
13 info lifecycle router@1.0.0~compile: Failed to exec compile script
14 verbose stack Error: router@1.0.0 compile: `babel es6 --out-dir js --presets es2015`
14 verbose stack Exit status 2
14 verbose stack     at EventEmitter.<anonymous> (C:\Program Files\nodejs\node_modules\npm\lib\utils\lifecycle.js:239:16)
14 verbose stack     at emitTwo (events.js:106:13)
14 verbose stack     at EventEmitter.emit (events.js:191:7)
14 verbose stack     at ChildProcess.<anonymous> (C:\Program Files\nodejs\node_modules\npm\lib\utils\spawn.js:24:14)
14 verbose stack     at emitTwo (events.js:106:13)
14 verbose stack     at ChildProcess.emit (events.js:191:7)
14 verbose stack     at maybeClose (internal/child_process.js:850:16)
14 verbose stack     at Process.ChildProcess._handle.onexit (internal/child_process.js:215:5)
15 verbose pkgid router@1.0.0
16 verbose cwd D:\project\react
17 error Windows_NT 6.1.7601
18 error argv "C:\\Program Files\\nodejs\\node.exe" "C:\\Program Files\\nodejs\\node_modules\\npm\\bin\\npm-cli.js" "run" "compile"
19 error node v6.0.0
20 error npm  v3.8.6
21 error code ELIFECYCLE
22 error router@1.0.0 compile: `babel es6 --out-dir js --presets es2015`
22 error Exit status 2
23 error Failed at the router@1.0.0 compile script 'babel es6 --out-dir js --presets es2015'.
23 error Make sure you have the latest version of node.js and npm installed.
23 error If you do, this is most likely a problem with the router package,
23 error not with npm itself.
23 error Tell the author that this fails on your system:
23 error     babel es6 --out-dir js --presets es2015
23 error You can get information on how to open an issue for this project with:
23 error     npm bugs router
23 error Or if that isn't available, you can get their info via:
23 error     npm owner ls router
23 error There is likely additional logging output above.
24 verbose exit [ 1, true ]
